<?xml version="1.0" encoding="UTF-8"?>
<!-- Generated by org.testng.reporters.JUnitXMLReporter -->
<testsuite ignored="3" hostname="SR" failures="0" tests="2" name="Default test(failed)(failed)" time="8.04" errors="0" timestamp="2026-04-22T14:27:46 IST">
  <testcase classname="com.test.DemoNinja" name="inValLogin" time="5.518"/>
  <testcase classname="com.test.DemoNinja" name="inValLogin" time="5.525"/>
  <testcase classname="com.test.DemoNinja" name="valSearch" time="0.0">
    <ignored/>
  </testcase> <!-- valSearch -->
  <testcase classname="com.test.DemoNinja" name="ValLogin" time="0.0">
    <ignored/>
  </testcase> <!-- ValLogin -->
  <testcase classname="com.test.DemoNinja" name="inValSearch" time="0.0">
    <ignored/>
  </testcase> <!-- inValSearch -->
</testsuite> <!-- Default test(failed)(failed) -->
