<?xml version="1.0" encoding="UTF-8"?>
<testng-results ignored="0" total="4" passed="4" failed="0" skipped="0">
  <reporter-output>
  </reporter-output>
  <suite started-at="2026-04-19T19:41:35 IST" name="Default suite" finished-at="2026-04-19T19:42:02 IST" duration-ms="27122">
    <groups>
    </groups>
    <test started-at="2026-04-19T19:41:35 IST" name="Default test" finished-at="2026-04-19T19:42:02 IST" duration-ms="27122">
      <class name="Demo.interaNetHello">
        <test-method is-config="true" signature="beforeTest()[pri:0, instance:Demo.interaNetHello@3c41ed1d]" started-at="2026-04-19T19:41:35 IST" name="beforeTest" finished-at="2026-04-19T19:41:42 IST" duration-ms="7677" status="PASS">
          <reporter-output>
          </reporter-output>
        </test-method> <!-- beforeTest -->
        <test-method signature="Alert()[pri:0, instance:Demo.interaNetHello@3c41ed1d]" started-at="2026-04-19T19:41:42 IST" name="Alert" finished-at="2026-04-19T19:41:43 IST" duration-ms="826" status="PASS">
          <reporter-output>
          </reporter-output>
        </test-method> <!-- Alert -->
        <test-method signature="DynamicLoad()[pri:0, instance:Demo.interaNetHello@3c41ed1d]" started-at="2026-04-19T19:41:43 IST" name="DynamicLoad" finished-at="2026-04-19T19:41:50 IST" duration-ms="6464" status="PASS">
          <reporter-output>
          </reporter-output>
        </test-method> <!-- DynamicLoad -->
        <test-method signature="dropDown()[pri:0, instance:Demo.interaNetHello@3c41ed1d]" started-at="2026-04-19T19:41:50 IST" name="dropDown" finished-at="2026-04-19T19:41:51 IST" duration-ms="884" status="PASS">
          <reporter-output>
          </reporter-output>
        </test-method> <!-- dropDown -->
        <test-method signature="dynamicControl()[pri:0, instance:Demo.interaNetHello@3c41ed1d]" started-at="2026-04-19T19:41:51 IST" name="dynamicControl" finished-at="2026-04-19T19:42:02 IST" duration-ms="11222" status="PASS">
          <reporter-output>
          </reporter-output>
        </test-method> <!-- dynamicControl -->
        <test-method is-config="true" signature="afterTest()[pri:0, instance:Demo.interaNetHello@3c41ed1d]" started-at="2026-04-19T19:42:02 IST" name="afterTest" finished-at="2026-04-19T19:42:02 IST" duration-ms="0" status="PASS">
          <reporter-output>
          </reporter-output>
        </test-method> <!-- afterTest -->
      </class> <!-- Demo.interaNetHello -->
    </test> <!-- Default test -->
  </suite> <!-- Default suite -->
</testng-results>
