<?xml version="1.0" encoding="UTF-8"?>
<!-- Generated by org.testng.reporters.JUnitXMLReporter -->
<testsuite ignored="0" hostname="SR" failures="0" tests="4" name="Default test" time="27.122" errors="0" timestamp="2026-04-19T19:42:02 IST">
  <testcase classname="Demo.interaNetHello" name="Alert" time="0.826"/>
  <testcase classname="Demo.interaNetHello" name="DynamicLoad" time="6.464"/>
  <testcase classname="Demo.interaNetHello" name="dropDown" time="0.884"/>
  <testcase classname="Demo.interaNetHello" name="dynamicControl" time="11.222"/>
</testsuite> <!-- Default test -->
