<?xml version="1.0" encoding="UTF-8"?>
<!-- Generated by org.testng.reporters.JUnitXMLReporter -->
<testsuite ignored="0" hostname="SR" failures="0" tests="3" name="Test" time="9.314" errors="0" timestamp="2026-04-28T16:27:12 IST">
  <testcase classname="com.tests.loginTest" name="login" time="0.708"/>
  <testcase classname="com.tests.dashBordTest" name="loginInVaildTest" time="2.178"/>
  <testcase classname="com.tests.dashBordTest" name="loginVaildTest" time="2.681"/>
</testsuite> <!-- Test -->
