<?xml version="1.0" encoding="UTF-8"?>
<!-- Generated by org.testng.reporters.JUnitReportReporter -->
<testsuite hostname="SR" failures="0" tests="5" name="com.test.DemoNinja" time="43.318" errors="0" timestamp="2026-04-22T14:35:57 IST" skipped="0">
  <testcase classname="com.test.DemoNinja" name="inValLogin" time="9.494"/>
  <testcase classname="com.test.DemoNinja" name="inValLogin" time="9.636"/>
  <testcase classname="com.test.DemoNinja" name="inValSearch" time="6.251"/>
  <testcase classname="com.test.DemoNinja" name="valSearch" time="7.433"/>
  <testcase classname="com.test.DemoNinja" name="ValLogin" time="10.504"/>
</testsuite> <!-- com.test.DemoNinja -->
