<?xml version="1.0" encoding="UTF-8"?>
<testng-results ignored="0" total="1" passed="1" failed="0" skipped="0">
  <reporter-output>
  </reporter-output>
  <suite started-at="2026-04-29T14:23:16 IST" name="Default suite" finished-at="2026-04-29T14:23:35 IST" duration-ms="19354">
    <groups>
    </groups>
    <test started-at="2026-04-29T14:23:16 IST" name="Default test" finished-at="2026-04-29T14:23:35 IST" duration-ms="19354">
      <class name="com.test.LoginTest">
        <test-method is-config="true" signature="beforeMethod()[pri:0, instance:com.test.LoginTest@1bb5a082]" started-at="2026-04-29T14:23:17 IST" name="beforeMethod" finished-at="2026-04-29T14:23:31 IST" duration-ms="14008" status="PASS">
          <reporter-output>
          </reporter-output>
        </test-method> <!-- beforeMethod -->
        <test-method signature="loginVal(java.lang.String,java.lang.String)[pri:0, instance:com.test.LoginTest@1bb5a082]" started-at="2026-04-29T14:23:31 IST" name="loginVal" data-provider="validData" finished-at="2026-04-29T14:23:35 IST" duration-ms="4369" status="PASS">
          <params>
            <param index="0">
              <value>
                <![CDATA[admin]]>
              </value>
            </param>
            <param index="1">
              <value>
                <![CDATA[admin]]>
              </value>
            </param>
          </params>
          <reporter-output>
          </reporter-output>
        </test-method> <!-- loginVal -->
        <test-method is-config="true" signature="afterMethod()[pri:0, instance:com.test.LoginTest@1bb5a082]" started-at="2026-04-29T14:23:35 IST" name="afterMethod" finished-at="2026-04-29T14:23:35 IST" duration-ms="212" status="PASS">
          <reporter-output>
          </reporter-output>
        </test-method> <!-- afterMethod -->
      </class> <!-- com.test.LoginTest -->
    </test> <!-- Default test -->
  </suite> <!-- Default suite -->
</testng-results>
