<?xml version="1.0" encoding="UTF-8"?>
<!-- Generated by org.testng.reporters.JUnitReportReporter -->
<testsuite hostname="SR" failures="0" tests="3" name="Runner.testNgRunner" time="26.801" errors="0" timestamp="2026-05-05T11:36:27 IST" skipped="0">
  <testcase classname="Runner.testNgRunner" name="runScenario" time="8.768"/>
  <testcase classname="Runner.testNgRunner" name="runScenario" time="9.771"/>
  <testcase classname="Runner.testNgRunner" name="runScenario" time="8.262"/>
</testsuite> <!-- Runner.testNgRunner -->
