<?xml version="1.0" encoding="UTF-8"?>
<testsuite xmlns:xsi="http://www.w3.org/2001/XMLSchema-instance" xsi:noNamespaceSchemaLocation="https://maven.apache.org/surefire/maven-surefire-plugin/xsd/surefire-test-report-3.0.xsd" version="3.0" name="TestSuite" time="11.497" tests="5" errors="0" skipped="0" failures="0">
  <properties>
[...]
</properties>
  <testcase name="inValSearch[kiot](1)" classname="com.test.DemoNinja" time="3.041">
    <system-out><![CDATA[start the test
start the test
start the test
start the test
start the test
invalid Search
]]></system-out>
    <system-err><![CDATA[SLF4J(W): No SLF4J providers were found.
SLF4J(W): Defaulting to no-operation (NOP) logger implementation
SLF4J(W): See https://www.slf4j.org/codes.html#noProviders for further details.
]]></system-err>
  </testcase>
  <testcase name="valSearch[mac](1)" classname="com.test.DemoNinja" time="3.844">
    <system-out><![CDATA[valid Search
]]></system-out>
  </testcase>
  <testcase name="inValLogin[titooram123@gmail.com, sriram](1)" classname="com.test.DemoNinja" time="6.292"/>
  <testcase name="inValLogin[2k22aids24@kiot.ac.in, titoo](2)" classname="com.test.DemoNinja" time="6.422"/>
  <testcase name="ValLogin[wavene20@gamil.com, sriram123@](1)" classname="com.test.DemoNinja" time="7.003">
    <system-out><![CDATA[Login successful
]]></system-out>
  </testcase>
</testsuite>