<?xml version="1.0" encoding="UTF-8"?>
<testng-results ignored="0" total="5" passed="5" failed="0" skipped="0">
  <reporter-output>
  </reporter-output>
  <suite started-at="2026-04-22T14:35:46 IST" name="Suite" finished-at="2026-04-22T14:35:57 IST" duration-ms="11103">
    <groups>
    </groups>
    <test started-at="2026-04-22T14:35:46 IST" name="Test" finished-at="2026-04-22T14:35:57 IST" duration-ms="11103">
      <class name="com.test.DemoNinja">
        <test-method is-config="true" signature="beforeTest()[pri:0, instance:com.test.DemoNinja@dd8ba08]" started-at="2026-04-22T14:35:46 IST" name="beforeTest" finished-at="2026-04-22T14:35:46 IST" duration-ms="10" status="PASS">
          <reporter-output>
          </reporter-output>
        </test-method> <!-- beforeTest -->
        <test-method is-config="true" signature="beforeMethod()[pri:0, instance:com.test.DemoNinja@dd8ba08]" started-at="2026-04-22T14:35:47 IST" name="beforeMethod" finished-at="2026-04-22T14:35:50 IST" duration-ms="2999" status="PASS">
          <reporter-output>
          </reporter-output>
        </test-method> <!-- beforeMethod -->
        <test-method is-config="true" signature="beforeMethod()[pri:0, instance:com.test.DemoNinja@dd8ba08]" started-at="2026-04-22T14:35:47 IST" name="beforeMethod" finished-at="2026-04-22T14:35:50 IST" duration-ms="2999" status="PASS">
          <reporter-output>
          </reporter-output>
        </test-method> <!-- beforeMethod -->
        <test-method is-config="true" signature="beforeMethod()[pri:0, instance:com.test.DemoNinja@dd8ba08]" started-at="2026-04-22T14:35:47 IST" name="beforeMethod" finished-at="2026-04-22T14:35:50 IST" duration-ms="2999" status="PASS">
          <reporter-output>
          </reporter-output>
        </test-method> <!-- beforeMethod -->
        <test-method is-config="true" signature="beforeMethod()[pri:0, instance:com.test.DemoNinja@dd8ba08]" started-at="2026-04-22T14:35:47 IST" name="beforeMethod" finished-at="2026-04-22T14:35:50 IST" duration-ms="2999" status="PASS">
          <reporter-output>
          </reporter-output>
        </test-method> <!-- beforeMethod -->
        <test-method is-config="true" signature="beforeMethod()[pri:0, instance:com.test.DemoNinja@dd8ba08]" started-at="2026-04-22T14:35:47 IST" name="beforeMethod" finished-at="2026-04-22T14:35:50 IST" duration-ms="2997" status="PASS">
          <reporter-output>
          </reporter-output>
        </test-method> <!-- beforeMethod -->
        <test-method signature="inValLogin(java.lang.String,java.lang.String)[pri:0, instance:com.test.DemoNinja@dd8ba08]" started-at="2026-04-22T14:35:50 IST" name="inValLogin" data-provider="invalidData" finished-at="2026-04-22T14:35:56 IST" duration-ms="6298" status="PASS">
          <params>
            <param index="0">
              <value>
                <![CDATA[titooram123@gmail.com]]>
              </value>
            </param>
            <param index="1">
              <value>
                <![CDATA[sriram]]>
              </value>
            </param>
          </params>
          <reporter-output>
          </reporter-output>
        </test-method> <!-- inValLogin -->
        <test-method signature="inValLogin(java.lang.String,java.lang.String)[pri:0, instance:com.test.DemoNinja@dd8ba08]" started-at="2026-04-22T14:35:50 IST" name="inValLogin" data-provider="invalidData" finished-at="2026-04-22T14:35:56 IST" duration-ms="6429" status="PASS">
          <params>
            <param index="0">
              <value>
                <![CDATA[2k22aids24@kiot.ac.in]]>
              </value>
            </param>
            <param index="1">
              <value>
                <![CDATA[titoo]]>
              </value>
            </param>
          </params>
          <reporter-output>
          </reporter-output>
        </test-method> <!-- inValLogin -->
        <test-method signature="inValSearch(java.lang.String)[pri:0, instance:com.test.DemoNinja@dd8ba08]" started-at="2026-04-22T14:35:50 IST" name="inValSearch" data-provider="inValSearch" finished-at="2026-04-22T14:35:53 IST" duration-ms="3037" status="PASS">
          <params>
            <param index="0">
              <value>
                <![CDATA[kiot]]>
              </value>
            </param>
          </params>
          <reporter-output>
          </reporter-output>
        </test-method> <!-- inValSearch -->
        <test-method signature="valSearch(java.lang.String)[pri:0, instance:com.test.DemoNinja@dd8ba08]" started-at="2026-04-22T14:35:50 IST" name="valSearch" data-provider="valSearch" finished-at="2026-04-22T14:35:54 IST" duration-ms="3844" status="PASS">
          <params>
            <param index="0">
              <value>
                <![CDATA[mac]]>
              </value>
            </param>
          </params>
          <reporter-output>
          </reporter-output>
        </test-method> <!-- valSearch -->
        <test-method signature="ValLogin(java.lang.String,java.lang.String)[pri:0, instance:com.test.DemoNinja@dd8ba08]" started-at="2026-04-22T14:35:50 IST" name="ValLogin" data-provider="validData" finished-at="2026-04-22T14:35:57 IST" duration-ms="7010" status="PASS">
          <params>
            <param index="0">
              <value>
                <![CDATA[wavene20@gamil.com]]>
              </value>
            </param>
            <param index="1">
              <value>
                <![CDATA[sriram123@]]>
              </value>
            </param>
          </params>
          <reporter-output>
          </reporter-output>
        </test-method> <!-- ValLogin -->
        <test-method is-config="true" signature="afterMethod()[pri:0, instance:com.test.DemoNinja@dd8ba08]" started-at="2026-04-22T14:35:53 IST" name="afterMethod" finished-at="2026-04-22T14:35:54 IST" duration-ms="590" status="PASS">
          <reporter-output>
          </reporter-output>
        </test-method> <!-- afterMethod -->
        <test-method is-config="true" signature="afterMethod()[pri:0, instance:com.test.DemoNinja@dd8ba08]" started-at="2026-04-22T14:35:54 IST" name="afterMethod" finished-at="2026-04-22T14:35:54 IST" duration-ms="497" status="PASS">
          <reporter-output>
          </reporter-output>
        </test-method> <!-- afterMethod -->
        <test-method is-config="true" signature="afterMethod()[pri:0, instance:com.test.DemoNinja@dd8ba08]" started-at="2026-04-22T14:35:56 IST" name="afterMethod" finished-at="2026-04-22T14:35:56 IST" duration-ms="208" status="PASS">
          <reporter-output>
          </reporter-output>
        </test-method> <!-- afterMethod -->
        <test-method is-config="true" signature="afterMethod()[pri:0, instance:com.test.DemoNinja@dd8ba08]" started-at="2026-04-22T14:35:56 IST" name="afterMethod" finished-at="2026-04-22T14:35:57 IST" duration-ms="197" status="PASS">
          <reporter-output>
          </reporter-output>
        </test-method> <!-- afterMethod -->
        <test-method is-config="true" signature="afterMethod()[pri:0, instance:com.test.DemoNinja@dd8ba08]" started-at="2026-04-22T14:35:57 IST" name="afterMethod" finished-at="2026-04-22T14:35:57 IST" duration-ms="215" status="PASS">
          <reporter-output>
          </reporter-output>
        </test-method> <!-- afterMethod -->
        <test-method is-config="true" signature="afterTest()[pri:0, instance:com.test.DemoNinja@dd8ba08]" started-at="2026-04-22T14:35:57 IST" name="afterTest" finished-at="2026-04-22T14:35:57 IST" duration-ms="0" status="PASS">
          <reporter-output>
          </reporter-output>
        </test-method> <!-- afterTest -->
      </class> <!-- com.test.DemoNinja -->
    </test> <!-- Test -->
  </suite> <!-- Suite -->
</testng-results>
