<?xml version="1.0" encoding="UTF-8"?>
<!-- Generated by org.testng.reporters.JUnitReportReporter -->
<testsuite hostname="SR" failures="0" tests="4" name="Demo.interaNetHello" time="19.396" errors="0" timestamp="2026-04-19T19:42:02 IST" skipped="0">
  <testcase classname="Demo.interaNetHello" name="DynamicLoad" time="6.464"/>
  <testcase classname="Demo.interaNetHello" name="Alert" time="0.826"/>
  <testcase classname="Demo.interaNetHello" name="dropDown" time="0.884"/>
  <testcase classname="Demo.interaNetHello" name="dynamicControl" time="11.222"/>
</testsuite> <!-- Demo.interaNetHello -->
