<?xml version="1.0" encoding="UTF-8"?>
<testng-results ignored="0" total="1" passed="1" failed="0" skipped="0">
  <reporter-output>
  </reporter-output>
  <suite started-at="2026-05-06T20:08:56 IST" name="Default suite" finished-at="2026-05-06T20:11:02 IST" duration-ms="126186">
    <groups>
      <group name="cucumber">
        <method signature="AbstractTestNGCucumberTests.runScenario(io.cucumber.testng.PickleWrapper,io.cucumber.testng.FeatureWrapper)[pri:0, instance:Runner.runnerTestNg@24313fcc]" name="runScenario" class="io.cucumber.testng.AbstractTestNGCucumberTests"/>
      </group> <!-- cucumber -->
    </groups>
    <test started-at="2026-05-06T20:08:56 IST" name="Default test" finished-at="2026-05-06T20:11:02 IST" duration-ms="126186">
      <class name="Runner.runnerTestNg">
        <test-method is-config="true" signature="setUpClass(org.testng.ITestContext)[pri:0, instance:Runner.runnerTestNg@24313fcc]" started-at="2026-05-06T20:08:56 IST" name="setUpClass" finished-at="2026-05-06T20:08:57 IST" duration-ms="551" status="PASS">
          <params>
            <param index="0">
              <value>
                <![CDATA[org.testng.TestRunner@1b7332a7]]>
              </value>
            </param>
          </params>
          <reporter-output>
          </reporter-output>
        </test-method> <!-- setUpClass -->
        <test-method signature="runScenario(io.cucumber.testng.PickleWrapper,io.cucumber.testng.FeatureWrapper)[pri:0, instance:Runner.runnerTestNg@24313fcc]" started-at="2026-05-06T20:08:57 IST" name="runScenario" description="Runs Cucumber Scenarios" data-provider="scenarios" finished-at="2026-05-06T20:11:02 IST" duration-ms="125559" status="PASS">
          <params>
            <param index="0">
              <value>
                <![CDATA["add the items to the cart"]]>
              </value>
            </param>
            <param index="1">
              <value>
                <![CDATA["add the items to the cart"]]>
              </value>
            </param>
          </params>
          <reporter-output>
          </reporter-output>
        </test-method> <!-- runScenario -->
        <test-method is-config="true" signature="tearDownClass()[pri:0, instance:Runner.runnerTestNg@24313fcc]" started-at="2026-05-06T20:11:02 IST" name="tearDownClass" finished-at="2026-05-06T20:11:02 IST" duration-ms="27" status="PASS">
          <reporter-output>
          </reporter-output>
        </test-method> <!-- tearDownClass -->
      </class> <!-- Runner.runnerTestNg -->
    </test> <!-- Default test -->
  </suite> <!-- Default suite -->
</testng-results>
