<?xml version="1.0" encoding="UTF-8"?>
<!-- Generated by org.testng.reporters.JUnitReportReporter -->
<testsuite hostname="SR" failures="1" tests="1" name="com.runner.runnerTestNg" time="11.579" errors="0" timestamp="2026-05-07T14:39:41 IST" skipped="0">
  <testcase classname="com.runner.runnerTestNg" name="runScenario" time="11.579">
    <failure message="expected [Dashboard] but found [Dashboard..]" type="java.lang.AssertionError">
      <![CDATA[java.lang.AssertionError: expected [Dashboard] but found [Dashboard..]
at org.testng.Assert.fail(Assert.java:111)
at org.testng.Assert.failNotEquals(Assert.java:1590)
at org.testng.Assert.assertEqualsImpl(Assert.java:150)
at org.testng.Assert.assertEquals(Assert.java:132)
at org.testng.Assert.assertEquals(Assert.java:656)
at org.testng.Assert.assertEquals(Assert.java:666)
at com.definitions.LoginPageDefinitions.user_should_be_able_to_login_successfully_and_should_see_the_dashboard(LoginPageDefinitions.java:33)
at ✽.user should be able to login successfully and should see the dashboard(file:///D:/selenium/CucumberPageObjectExtendsReport/src/test/resources/Features/LoginPage.feature:6)
]]>
    </failure>
  </testcase> <!-- runScenario -->
</testsuite> <!-- com.runner.runnerTestNg -->
