<?xml version="1.0" encoding="UTF-8"?>
<!-- Generated by org.testng.reporters.JUnitReportReporter -->
<testsuite hostname="SR" failures="0" tests="6" name="com.test.LoginTest" time="64.219" errors="0" timestamp="2026-04-29T20:17:07 IST" skipped="0">
  <testcase classname="com.test.LoginTest" name="valLogin" time="9.004"/>
  <testcase classname="com.test.LoginTest" name="valLogin" time="10.186"/>
  <testcase classname="com.test.LoginTest" name="valLogin" time="9.901"/>
  <testcase classname="com.test.LoginTest" name="inValLogin" time="8.542"/>
  <testcase classname="com.test.LoginTest" name="valLogin" time="9.544"/>
  <testcase classname="com.test.LoginTest" name="valLogin" time="17.042"/>
</testsuite> <!-- com.test.LoginTest -->
