<?xml version="1.0" encoding="UTF-8"?>
<!-- Generated by org.testng.reporters.JUnitXMLReporter -->
<testsuite ignored="0" hostname="SR" failures="0" tests="5" name="Test" time="11.103" errors="0" timestamp="2026-04-22T14:35:57 IST">
  <testcase classname="com.test.DemoNinja" name="inValSearch" time="3.037"/>
  <testcase classname="com.test.DemoNinja" name="valSearch" time="3.844"/>
  <testcase classname="com.test.DemoNinja" name="inValLogin" time="6.298"/>
  <testcase classname="com.test.DemoNinja" name="inValLogin" time="6.429"/>
  <testcase classname="com.test.DemoNinja" name="ValLogin" time="7.01"/>
</testsuite> <!-- Test -->
