<?xml version="1.0" encoding="UTF-8"?>
<!-- Generated by org.testng.reporters.JUnitReportReporter -->
<testsuite hostname="SR" failures="0" tests="1" name="runner.TestNgRunner" time="0.116" errors="1" timestamp="2026-05-05T11:35:48 IST" skipped="0">
  <testcase classname="runner.TestNgRunner" name="runScenario" time="0.116">
    <error message="Cannot invoke &quot;org.openqa.selenium.WebDriver.get(String)&quot; because &quot;this.driver&quot; is null" type="java.lang.NullPointerException">
      <![CDATA[java.lang.NullPointerException: Cannot invoke "org.openqa.selenium.WebDriver.get(String)" because "this.driver" is null
at stepDefinition.LoginStepDefinition.the_user_is_in_demo_blaze_website(LoginStepDefinition.java:28)
at ✽.The user is in DemoBlaze Website(file:///D:/selenium/DemoBlazeHome/src/test/resources/com/features/login.feature:5)
]]>
    </error>
  </testcase> <!-- runScenario -->
</testsuite> <!-- runner.TestNgRunner -->
