<?xml version="1.0" encoding="UTF-8"?>
<testng-results ignored="0" total="6" passed="6" failed="0" skipped="0">
  <reporter-output>
  </reporter-output>
  <suite started-at="2026-04-29T20:16:52 IST" name="Suite" finished-at="2026-04-29T20:17:07 IST" duration-ms="15338">
    <groups>
    </groups>
    <test started-at="2026-04-29T20:16:52 IST" name="LoginTest" finished-at="2026-04-29T20:17:07 IST" duration-ms="15338">
      <class name="com.test.LoginTest">
        <test-method is-config="true" signature="beforeMethod()[pri:0, instance:com.test.LoginTest@78691363]" started-at="2026-04-29T20:16:52 IST" name="beforeMethod" finished-at="2026-04-29T20:16:56 IST" duration-ms="4572" status="PASS">
          <reporter-output>
          </reporter-output>
        </test-method> <!-- beforeMethod -->
        <test-method is-config="true" signature="beforeMethod()[pri:0, instance:com.test.LoginTest@78691363]" started-at="2026-04-29T20:16:53 IST" name="beforeMethod" finished-at="2026-04-29T20:16:57 IST" duration-ms="4006" status="PASS">
          <reporter-output>
          </reporter-output>
        </test-method> <!-- beforeMethod -->
        <test-method is-config="true" signature="beforeMethod()[pri:0, instance:com.test.LoginTest@78691363]" started-at="2026-04-29T20:16:53 IST" name="beforeMethod" finished-at="2026-04-29T20:16:58 IST" duration-ms="4776" status="PASS">
          <reporter-output>
          </reporter-output>
        </test-method> <!-- beforeMethod -->
        <test-method is-config="true" signature="beforeMethod()[pri:0, instance:com.test.LoginTest@78691363]" started-at="2026-04-29T20:16:53 IST" name="beforeMethod" finished-at="2026-04-29T20:16:57 IST" duration-ms="4027" status="PASS">
          <reporter-output>
          </reporter-output>
        </test-method> <!-- beforeMethod -->
        <test-method is-config="true" signature="beforeMethod()[pri:0, instance:com.test.LoginTest@78691363]" started-at="2026-04-29T20:16:53 IST" name="beforeMethod" finished-at="2026-04-29T20:16:59 IST" duration-ms="6008" status="PASS">
          <reporter-output>
          </reporter-output>
        </test-method> <!-- beforeMethod -->
        <test-method is-config="true" signature="beforeMethod()[pri:0, instance:com.test.LoginTest@78691363]" started-at="2026-04-29T20:16:53 IST" name="beforeMethod" finished-at="2026-04-29T20:16:58 IST" duration-ms="4483" status="PASS">
          <reporter-output>
          </reporter-output>
        </test-method> <!-- beforeMethod -->
        <test-method signature="inValLogin()[pri:0, instance:com.test.LoginTest@78691363]" started-at="2026-04-29T20:16:56 IST" name="inValLogin" finished-at="2026-04-29T20:17:00 IST" duration-ms="3589" status="PASS">
          <reporter-output>
          </reporter-output>
        </test-method> <!-- inValLogin -->
        <test-method signature="valLogin(java.lang.String,java.lang.String)[pri:0, instance:com.test.LoginTest@78691363]" started-at="2026-04-29T20:16:57 IST" name="valLogin" data-provider="validData" finished-at="2026-04-29T20:17:02 IST" duration-ms="4792" status="PASS">
          <params>
            <param index="0">
              <value>
                <![CDATA[error_user]]>
              </value>
            </param>
            <param index="1">
              <value>
                <![CDATA[secret_sauce]]>
              </value>
            </param>
          </params>
          <reporter-output>
          </reporter-output>
        </test-method> <!-- valLogin -->
        <test-method signature="valLogin(java.lang.String,java.lang.String)[pri:0, instance:com.test.LoginTest@78691363]" started-at="2026-04-29T20:16:57 IST" name="valLogin" data-provider="validData" finished-at="2026-04-29T20:17:02 IST" duration-ms="4879" status="PASS">
          <params>
            <param index="0">
              <value>
                <![CDATA[standard_user]]>
              </value>
            </param>
            <param index="1">
              <value>
                <![CDATA[secret_sauce]]>
              </value>
            </param>
          </params>
          <reporter-output>
          </reporter-output>
        </test-method> <!-- valLogin -->
        <test-method signature="valLogin(java.lang.String,java.lang.String)[pri:0, instance:com.test.LoginTest@78691363]" started-at="2026-04-29T20:16:58 IST" name="valLogin" data-provider="validData" finished-at="2026-04-29T20:17:07 IST" duration-ms="9397" status="PASS">
          <params>
            <param index="0">
              <value>
                <![CDATA[performance_glitch_user]]>
              </value>
            </param>
            <param index="1">
              <value>
                <![CDATA[secret_sauce]]>
              </value>
            </param>
          </params>
          <reporter-output>
          </reporter-output>
        </test-method> <!-- valLogin -->
        <test-method signature="valLogin(java.lang.String,java.lang.String)[pri:0, instance:com.test.LoginTest@78691363]" started-at="2026-04-29T20:16:58 IST" name="valLogin" data-provider="validData" finished-at="2026-04-29T20:17:02 IST" duration-ms="4352" status="PASS">
          <params>
            <param index="0">
              <value>
                <![CDATA[visual_user]]>
              </value>
            </param>
            <param index="1">
              <value>
                <![CDATA[secret_sauce]]>
              </value>
            </param>
          </params>
          <reporter-output>
          </reporter-output>
        </test-method> <!-- valLogin -->
        <test-method signature="valLogin(java.lang.String,java.lang.String)[pri:0, instance:com.test.LoginTest@78691363]" started-at="2026-04-29T20:16:59 IST" name="valLogin" data-provider="validData" finished-at="2026-04-29T20:17:01 IST" duration-ms="2077" status="PASS">
          <params>
            <param index="0">
              <value>
                <![CDATA[problem_user]]>
              </value>
            </param>
            <param index="1">
              <value>
                <![CDATA[secret_sauce]]>
              </value>
            </param>
          </params>
          <reporter-output>
          </reporter-output>
        </test-method> <!-- valLogin -->
        <test-method is-config="true" signature="afterMethod()[pri:0, instance:com.test.LoginTest@78691363]" started-at="2026-04-29T20:17:00 IST" name="afterMethod" finished-at="2026-04-29T20:17:03 IST" duration-ms="2869" status="PASS">
          <reporter-output>
          </reporter-output>
        </test-method> <!-- afterMethod -->
        <test-method is-config="true" signature="afterMethod()[pri:0, instance:com.test.LoginTest@78691363]" started-at="2026-04-29T20:17:01 IST" name="afterMethod" finished-at="2026-04-29T20:17:03 IST" duration-ms="1816" status="PASS">
          <reporter-output>
          </reporter-output>
        </test-method> <!-- afterMethod -->
        <test-method is-config="true" signature="afterMethod()[pri:0, instance:com.test.LoginTest@78691363]" started-at="2026-04-29T20:17:02 IST" name="afterMethod" finished-at="2026-04-29T20:17:03 IST" duration-ms="926" status="PASS">
          <reporter-output>
          </reporter-output>
        </test-method> <!-- afterMethod -->
        <test-method is-config="true" signature="afterMethod()[pri:0, instance:com.test.LoginTest@78691363]" started-at="2026-04-29T20:17:02 IST" name="afterMethod" finished-at="2026-04-29T20:17:03 IST" duration-ms="822" status="PASS">
          <reporter-output>
          </reporter-output>
        </test-method> <!-- afterMethod -->
        <test-method is-config="true" signature="afterMethod()[pri:0, instance:com.test.LoginTest@78691363]" started-at="2026-04-29T20:17:02 IST" name="afterMethod" finished-at="2026-04-29T20:17:03 IST" duration-ms="646" status="PASS">
          <reporter-output>
          </reporter-output>
        </test-method> <!-- afterMethod -->
        <test-method is-config="true" signature="afterMethod()[pri:0, instance:com.test.LoginTest@78691363]" started-at="2026-04-29T20:17:07 IST" name="afterMethod" finished-at="2026-04-29T20:17:07 IST" duration-ms="182" status="PASS">
          <reporter-output>
          </reporter-output>
        </test-method> <!-- afterMethod -->
      </class> <!-- com.test.LoginTest -->
    </test> <!-- LoginTest -->
  </suite> <!-- Suite -->
</testng-results>
