<?xml version="1.0" encoding="UTF-8"?>
<!-- Generated by org.testng.reporters.JUnitXMLReporter -->
<testsuite ignored="0" hostname="SR" failures="0" tests="6" name="LoginTest" time="15.338" errors="0" timestamp="2026-04-29T20:17:07 IST">
  <testcase classname="com.test.LoginTest" name="inValLogin" time="3.589"/>
  <testcase classname="com.test.LoginTest" name="valLogin" time="2.077"/>
  <testcase classname="com.test.LoginTest" name="valLogin" time="4.792"/>
  <testcase classname="com.test.LoginTest" name="valLogin" time="4.879"/>
  <testcase classname="com.test.LoginTest" name="valLogin" time="4.352"/>
  <testcase classname="com.test.LoginTest" name="valLogin" time="9.397"/>
</testsuite> <!-- LoginTest -->
